# JRE version: OpenJDK Runtime Environment Temurin-17.0.8+7 (17.0.8+7) (build 17.0.8+7)
# Java VM: OpenJDK 64-Bit Server VM Temurin-17.0.8+7 (17.0.8+7, mixed mode, sharing, tiered, compressed oops, compressed class ptrs, g1 gc, windows-amd64)
GC Precious Log:
 CPUs: 16 total, 16 available
 Memory: 65484M
 Large Page Support: Disabled
 NUMA Support: Disabled
 Compressed Oops: Enabled (Zero based)
 Heap Region Size: 2M
 Heap Min Capacity: 8M
 Heap Initial Capacity: 1G
 Heap Max Capacity: 3G
 Pre-touch: Disabled
 Parallel Workers: 13
 Concurrent Workers: 3
 Concurrent Refinement Workers: 13
 Periodic GC: Disabled
Heap:
 garbage-first heap   total 505856K, used 244180K [0x0000000740000000, 0x0000000800000000)
  region size 2048K, 7 young (14336K), 1 survivors (2048K)
 Metaspace       used 132896K, committed 135232K, reserved 1179648K
  class space    used 16796K, committed 18048K, reserved 1048576K
GC Heap History (20 events):
Event: 27249.952 GC heap before
{Heap before GC invocations=486 (full 70):
 garbage-first heap   total 520192K, used 474195K [0x0000000740000000, 0x0000000800000000)
  region size 2048K, 101 young (206848K), 1 survivors (2048K)
 Metaspace       used 132789K, committed 135168K, reserved 1179648K
  class space    used 16788K, committed 18048K, reserved 1048576K
}
Event: 27250.015 GC heap after
{Heap after GC invocations=487 (full 70):
 garbage-first heap   total 581632K, used 243514K [0x0000000740000000, 0x0000000800000000)
  region size 2048K, 15 young (30720K), 15 survivors (30720K)
 Metaspace       used 132789K, committed 135168K, reserved 1179648K
  class space    used 16788K, committed 18048K, reserved 1048576K
}
Event: 27250.020 GC heap before
{Heap before GC invocations=487 (full 70):
 garbage-first heap   total 581632K, used 245562K [0x0000000740000000, 0x0000000800000000)
  region size 2048K, 16 young (32768K), 15 survivors (30720K)
 Metaspace       used 132789K, committed 135168K, reserved 1179648K
  class space    used 16788K, committed 18048K, reserved 1048576K
}
Event: 27250.034 GC heap after
{Heap after GC invocations=488 (full 70):
 garbage-first heap   total 581632K, used 251606K [0x0000000740000000, 0x0000000800000000)
  region size 2048K, 2 young (4096K), 2 survivors (4096K)
 Metaspace       used 132789K, committed 135168K, reserved 1179648K
  class space    used 16788K, committed 18048K, reserved 1048576K
}
Event: 27250.104 GC heap before
{Heap before GC invocations=488 (full 70):
 garbage-first heap   total 581632K, used 274134K [0x0000000740000000, 0x0000000800000000)
  region size 2048K, 14 young (28672K), 2 survivors (4096K)
 Metaspace       used 132789K, committed 135168K, reserved 1179648K
  class space    used 16788K, committed 18048K, reserved 1048576K
}
Event: 27250.117 GC heap after
{Heap after GC invocations=489 (full 70):
 garbage-first heap   total 581632K, used 272280K [0x0000000740000000, 0x0000000800000000)
  region size 2048K, 9 young (18432K), 9 survivors (18432K)
 Metaspace       used 132789K, committed 135168K, reserved 1179648K
  class space    used 16788K, committed 18048K, reserved 1048576K
}
Event: 27256.322 GC heap before
{Heap before GC invocations=490 (full 70):
 garbage-first heap   total 587776K, used 495512K [0x0000000740000000, 0x0000000800000000)
  region size 2048K, 55 young (112640K), 9 survivors (18432K)
 Metaspace       used 132808K, committed 135168K, reserved 1179648K
  class space    used 16788K, committed 18048K, reserved 1048576K
}
Event: 27256.335 GC heap after
{Heap after GC invocations=491 (full 70):
 garbage-first heap   total 587776K, used 275781K [0x0000000740000000, 0x0000000800000000)
  region size 2048K, 5 young (10240K), 5 survivors (10240K)
 Metaspace       used 132808K, committed 135168K, reserved 1179648K
  class space    used 16788K, committed 18048K, reserved 1048576K
}
Event: 27256.990 GC heap before
{Heap before GC invocations=491 (full 70):
 garbage-first heap   total 587776K, used 279877K [0x0000000740000000, 0x0000000800000000)
  region size 2048K, 8 young (16384K), 5 survivors (10240K)
 Metaspace       used 132808K, committed 135168K, reserved 1179648K
  class space    used 16788K, committed 18048K, reserved 1048576K
}
Event: 27257.164 GC heap after
{Heap after GC invocations=492 (full 71):
 garbage-first heap   total 505856K, used 143987K [0x0000000740000000, 0x0000000800000000)
  region size 2048K, 0 young (0K), 0 survivors (0K)
 Metaspace       used 132808K, committed 135168K, reserved 1179648K
  class space    used 16788K, committed 18048K, reserved 1048576K
}
Event: 27257.667 GC heap before
{Heap before GC invocations=492 (full 71):
 garbage-first heap   total 505856K, used 150131K [0x0000000740000000, 0x0000000800000000)
  region size 2048K, 4 young (8192K), 0 survivors (0K)
 Metaspace       used 132810K, committed 135168K, reserved 1179648K
  class space    used 16788K, committed 18048K, reserved 1048576K
}
Event: 27257.670 GC heap after
{Heap after GC invocations=493 (full 71):
 garbage-first heap   total 505856K, used 145843K [0x0000000740000000, 0x0000000800000000)
  region size 2048K, 1 young (2048K), 1 survivors (2048K)
 Metaspace       used 132810K, committed 135168K, reserved 1179648K
  class space    used 16788K, committed 18048K, reserved 1048576K
}
Event: 28080.694 GC heap before
{Heap before GC invocations=494 (full 71):
 garbage-first heap   total 505856K, used 453043K [0x0000000740000000, 0x0000000800000000)
  region size 2048K, 44 young (90112K), 1 survivors (2048K)
 Metaspace       used 132849K, committed 135232K, reserved 1179648K
  class space    used 16793K, committed 18048K, reserved 1048576K
}
Event: 28080.699 GC heap after
{Heap after GC invocations=495 (full 71):
 garbage-first heap   total 505856K, used 147841K [0x0000000740000000, 0x0000000800000000)
  region size 2048K, 2 young (4096K), 2 survivors (4096K)
 Metaspace       used 132849K, committed 135232K, reserved 1179648K
  class space    used 16793K, committed 18048K, reserved 1048576K
}
Event: 28301.424 GC heap before
{Heap before GC invocations=495 (full 71):
 garbage-first heap   total 505856K, used 168321K [0x0000000740000000, 0x0000000800000000)
  region size 2048K, 12 young (24576K), 2 survivors (4096K)
 Metaspace       used 132854K, committed 135232K, reserved 1179648K
  class space    used 16793K, committed 18048K, reserved 1048576K
}
Event: 28301.430 GC heap after
{Heap after GC invocations=496 (full 71):
 garbage-first heap   total 505856K, used 149159K [0x0000000740000000, 0x0000000800000000)
  region size 2048K, 2 young (4096K), 2 survivors (4096K)
 Metaspace       used 132854K, committed 135232K, reserved 1179648K
  class space    used 16793K, committed 18048K, reserved 1048576K
}
Event: 28307.683 GC heap before
{Heap before GC invocations=496 (full 71):
 garbage-first heap   total 505856K, used 210599K [0x0000000740000000, 0x0000000800000000)
  region size 2048K, 33 young (67584K), 2 survivors (4096K)
 Metaspace       used 132865K, committed 135232K, reserved 1179648K
  class space    used 16793K, committed 18048K, reserved 1048576K
}
Event: 28307.945 GC heap after
{Heap after GC invocations=497 (full 72):
 garbage-first heap   total 505856K, used 145031K [0x0000000740000000, 0x0000000800000000)
  region size 2048K, 0 young (0K), 0 survivors (0K)
 Metaspace       used 132859K, committed 135232K, reserved 1179648K
  class space    used 16792K, committed 18048K, reserved 1048576K
}
Event: 28308.398 GC heap before
{Heap before GC invocations=497 (full 72):
 garbage-first heap   total 505856K, used 151175K [0x0000000740000000, 0x0000000800000000)
  region size 2048K, 4 young (8192K), 0 survivors (0K)
 Metaspace       used 132860K, committed 135232K, reserved 1179648K
  class space    used 16792K, committed 18048K, reserved 1048576K
}
Event: 28308.400 GC heap after
{Heap after GC invocations=498 (full 72):
 garbage-first heap   total 505856K, used 145876K [0x0000000740000000, 0x0000000800000000)
  region size 2048K, 1 young (2048K), 1 survivors (2048K)
 Metaspace       used 132860K, committed 135232K, reserved 1179648K
  class space    used 16792K, committed 18048K, reserved 1048576K
}

